15:47:08  236  [main] INFO  i.univaq.ecoreToWebEditor.core.Main - [32m[STARTING PROCESS][0m
15:47:08  407  [main] INFO  java.lang.Class - [32m[XTEXTPROJECTBUILDER - START][0m
15:47:08  407  [main] INFO  java.lang.Class - generating project at ./out/org.xtext.jsonDsl
15:47:09  533  [main] INFO  java.lang.Class - [32m[XTEXTPROJECTBUILDER - DONE][0m
15:47:09  533  [main] INFO  i.u.ecoreToWebEditor.utils.Utils - deploying .mwe2 fix
15:47:09  550  [main] INFO  i.u.ecoreToWebEditor.utils.Utils - .mwe2 fixed
15:47:09  551  [main] WARN  i.u.ecoreToWebEditor.utils.Utils - this could lead to: memo array is null DslLexer.g
15:47:09  551  [main] INFO  i.u.ecoreToWebEditor.utils.Utils - adding backtracking
15:47:09  551  [main] INFO  i.u.ecoreToWebEditor.utils.Utils - backtracking added
15:47:09  552  [main] INFO  i.u.e.acceleo.AcceleoLauncher - [32m[ACCELEO LAUNCHER - START][0m
15:47:09  552  [main] INFO  i.u.e.acceleo.AcceleoLauncher - compiling mtl/generate.mtl...
15:47:10  1799 [main] INFO  i.u.e.acceleo.AcceleoLauncher - .mtl compiled to mtl/
15:47:10  1800 [main] INFO  i.u.e.acceleo.AcceleoLauncher - generating jsonDsl.xtext to ./out/org.xtext.jsonDsl/org.xtext.jsonDsl.parent/org.xtext.jsonDsl/src/org/xtext/jsonDsl/, entry point: JSONModel
15:47:10  1800 [main] INFO  i.u.e.acceleo.AcceleoLauncher - loading ecores/json.ecore
15:47:10  1804 [main] INFO  i.u.e.acceleo.AcceleoLauncher - .ecore loaded
15:47:10  2089 [main] INFO  i.u.e.acceleo.AcceleoLauncher - [32m[ACCELEO LAUNCHER - DONE][0m to ./out/org.xtext.jsonDsl/org.xtext.jsonDsl.parent/org.xtext.jsonDsl/src/org/xtext/jsonDsl/
15:47:10  2090 [main] INFO  i.u.e.maven.MavenLauncher - [32m[MAVEN LAUNCHER - START][0m
15:47:10  2104 [main] INFO  i.u.e.maven.MavenLauncher - running: mvn -f ./out/org.xtext.jsonDsl/org.xtext.jsonDsl.parent/pom.xml clean install
17:16:27  299  [main] INFO  i.univaq.ecoreToWebEditor.core.Main - [32m[STARTING PROCESS][0m
17:16:27  476  [main] INFO  java.lang.Class - [32m[XTEXTPROJECTBUILDER - START][0m
17:16:27  476  [main] INFO  java.lang.Class - generating project at ./out/org.xtext.formDsl
17:16:27  603  [main] INFO  java.lang.Class - [32m[XTEXTPROJECTBUILDER - DONE][0m
17:16:27  603  [main] INFO  i.u.ecoreToWebEditor.utils.Utils - deploying .mwe2 fix
17:16:27  636  [main] INFO  i.u.ecoreToWebEditor.utils.Utils - .mwe2 fixed
17:16:27  636  [main] WARN  i.u.ecoreToWebEditor.utils.Utils - this could lead to: memo array is null DslLexer.g
17:16:27  636  [main] INFO  i.u.ecoreToWebEditor.utils.Utils - adding backtracking
17:16:27  637  [main] INFO  i.u.ecoreToWebEditor.utils.Utils - backtracking added
17:16:27  638  [main] INFO  i.u.e.acceleo.AcceleoLauncher - [32m[ACCELEO LAUNCHER - START][0m
17:16:27  638  [main] INFO  i.u.e.acceleo.AcceleoLauncher - compiling mtl/generate.mtl...
17:16:28  1844 [main] INFO  i.u.e.acceleo.AcceleoLauncher - .mtl compiled to mtl/
17:16:28  1845 [main] INFO  i.u.e.acceleo.AcceleoLauncher - generating formDsl.xtext to ./out/org.xtext.formDsl/org.xtext.formDsl.parent/org.xtext.formDsl/src/org/xtext/formDsl/, entry point: Model
17:16:28  1846 [main] INFO  i.u.e.acceleo.AcceleoLauncher - loading ecores/form.ecore
17:16:28  1857 [main] INFO  i.u.e.acceleo.AcceleoLauncher - .ecore loaded
17:16:29  2150 [main] INFO  i.u.e.acceleo.AcceleoLauncher - [32m[ACCELEO LAUNCHER - DONE][0m to ./out/org.xtext.formDsl/org.xtext.formDsl.parent/org.xtext.formDsl/src/org/xtext/formDsl/
17:16:29  2151 [main] INFO  i.u.e.maven.MavenLauncher - [32m[MAVEN LAUNCHER - START][0m
17:16:29  2167 [main] INFO  i.u.e.maven.MavenLauncher - running: mvn -f ./out/org.xtext.formDsl/org.xtext.formDsl.parent/pom.xml clean install
